#
# There is insufficient memory for the Java Runtime Environment to continue.
# Native memory allocation (mmap) failed to map 266338304 bytes for Failed to commit area from 0x0000000703400000 to 0x0000000713200000 of length 266338304.
# Possible reasons:
#   The system is out of physical RAM or swap space
#   The process is running with CompressedOops enabled, and the Java Heap may be blocking the growth of the native heap
# Possible solutions:
#   Reduce memory load on the system
#   Increase physical memory or swap space
#   Check if swap backing store is full
#   Decrease Java heap size (-Xmx/-Xms)
#   Decrease number of Java threads
#   Decrease Java thread stack sizes (-Xss)
#   Set larger code cache with -XX:ReservedCodeCacheSize=
# This output file may be truncated or incomplete.
#
#  Out of Memory Error (./src/hotspot/os/windows/os_windows.cpp:3387), pid=6364, tid=10956
#
# JRE version:  (11.0.14.1+1) (build )
# Java VM: OpenJDK 64-Bit Server VM (11.0.14.1+1, mixed mode, sharing, tiered, compressed oops, g1 gc, windows-amd64)
# No core dump will be written. Minidumps are not enabled by default on client versions of Windows
#

---------------  S U M M A R Y ------------

Command Line: 

Host: Intel(R) Core(TM) i5-10300H CPU @ 2.50GHz, 8 cores, 15G,  Windows 11 , 64 bit Build 22621 (10.0.22621.2428)
Time: Thu Oct 12 12:20:45 2023 Caucasus Standard Time elapsed time: 0.007237 seconds (0d 0h 0m 0s)

---------------  T H R E A D  ---------------

Current thread (0x0000019c37817000):  JavaThread "Unknown thread" [_thread_in_vm, id=10956, stack(0x0000005d47d00000,0x0000005d47e00000)]

Stack: [0x0000005d47d00000,0x0000005d47e00000]
Native frames: (J=compiled Java code, j=interpreted, Vv=VM code, C=native code)
V  [jvm.dll+0x61e59a]
V  [jvm.dll+0x7aaca9]
V  [jvm.dll+0x7ac398]
V  [jvm.dll+0x7aca73]
V  [jvm.dll+0x24f9b8]
V  [jvm.dll+0x61b83a]
V  [jvm.dll+0x6100c5]
V  [jvm.dll+0x30772c]
V  [jvm.dll+0x3075b2]
V  [jvm.dll+0x30c2d6]
V  [jvm.dll+0x35272f]
V  [jvm.dll+0x352160]
V  [jvm.dll+0x2e4728]
V  [jvm.dll+0x2e5886]
V  [jvm.dll+0x784b07]
V  [jvm.dll+0x78628f]
V  [jvm.dll+0x35f479]
V  [jvm.dll+0x767aa0]
V  [jvm.dll+0x3ccf1f]
V  [jvm.dll+0x3cf2b1]
C  [jli.dll+0x5207]
C  [ucrtbase.dll+0x29363]
C  [KERNEL32.DLL+0x1257d]
C  [ntdll.dll+0x5aa78]


---------------  P R O C E S S  ---------------

Threads class SMR info:
_java_thread_list=0x0000019c37530c70, length=0, elements={
}

Java Threads: ( => current thread )

Other Threads:
  0x0000019c3782f000 GCTaskThread "GC Thread#0" [stack: 0x0000005d47e00000,0x0000005d47f00000] [id=23112]
  0x0000019c3788b800 ConcurrentGCThread "G1 Main Marker" [stack: 0x0000005d47f00000,0x0000005d48000000] [id=9136]
  0x0000019c3788d800 ConcurrentGCThread "G1 Conc#0" [stack: 0x0000005d48000000,0x0000005d48100000] [id=10192]

[error occurred during error reporting (printing all threads), id 0xc0000005, EXCEPTION_ACCESS_VIOLATION (0xc0000005) at pc=0x00007ffcdc723ef7]

VM state:not at safepoint (not fully initialized)

VM Mutex/Monitor currently owned by a thread:  ([mutex/lock_event])
[0x0000019c37811b10] Heap_lock - owner thread: 0x0000019c37817000

Heap address: 0x0000000703400000, size: 4044 MB, Compressed Oops mode: Non-zero based: 0x0000000703400000
Narrow klass base: 0x0000000000000000, Narrow klass shift: 0

GC Heap History (0 events):
No events

Deoptimization events (0 events):
No events

Classes redefined (0 events):
No events

Internal exceptions (0 events):
No events

Events (1 events):
Event: 0.005 Loaded shared library E:\2023.2.0b4\Editor\Data\PlaybackEngines\AndroidPlayer\OpenJDK\bin\zip.dll


Dynamic libraries:
0x00007ff686100000 - 0x00007ff68610d000 	E:\2023.2.0b4\Editor\Data\PlaybackEngines\AndroidPlayer\OpenJDK\bin\java.exe
0x00007ffd77370000 - 0x00007ffd77587000 	C:\Windows\SYSTEM32\ntdll.dll
0x00007ffd75ad0000 - 0x00007ffd75b94000 	C:\Windows\System32\KERNEL32.DLL
0x00007ffd746f0000 - 0x00007ffd74a96000 	C:\Windows\System32\KERNELBASE.dll
0x00007ffd74d50000 - 0x00007ffd74e61000 	C:\Windows\System32\ucrtbase.dll
0x00007ffd62d20000 - 0x00007ffd62d37000 	E:\2023.2.0b4\Editor\Data\PlaybackEngines\AndroidPlayer\OpenJDK\bin\jli.dll
0x00007ffd62010000 - 0x00007ffd62025000 	E:\2023.2.0b4\Editor\Data\PlaybackEngines\AndroidPlayer\OpenJDK\bin\VCRUNTIME140.dll
0x00007ffd75370000 - 0x00007ffd7551d000 	C:\Windows\System32\USER32.dll
0x00007ffd59fd0000 - 0x00007ffd5a263000 	C:\Windows\WinSxS\amd64_microsoft.windows.common-controls_6595b64144ccf1df_6.0.22621.2361_none_2712ced57382f843\COMCTL32.dll
0x00007ffd750a0000 - 0x00007ffd750c6000 	C:\Windows\System32\win32u.dll
0x00007ffd755e0000 - 0x00007ffd75687000 	C:\Windows\System32\msvcrt.dll
0x00007ffd75980000 - 0x00007ffd759a9000 	C:\Windows\System32\GDI32.dll
0x00007ffd74bb0000 - 0x00007ffd74cc8000 	C:\Windows\System32\gdi32full.dll
0x00007ffd74b10000 - 0x00007ffd74baa000 	C:\Windows\System32\msvcp_win.dll
0x00007ffd759b0000 - 0x00007ffd759e1000 	C:\Windows\System32\IMM32.DLL
0x00007ffd4c820000 - 0x00007ffd4c8bb000 	E:\2023.2.0b4\Editor\Data\PlaybackEngines\AndroidPlayer\OpenJDK\bin\msvcp140.dll
0x00007ffcdc430000 - 0x00007ffcdcfb1000 	E:\2023.2.0b4\Editor\Data\PlaybackEngines\AndroidPlayer\OpenJDK\bin\server\jvm.dll
0x00007ffd76460000 - 0x00007ffd76510000 	C:\Windows\System32\ADVAPI32.dll
0x00007ffd76e50000 - 0x00007ffd76ef6000 	C:\Windows\System32\sechost.dll
0x00007ffd76d30000 - 0x00007ffd76e47000 	C:\Windows\System32\RPCRT4.dll
0x00007ffd750d0000 - 0x00007ffd750d8000 	C:\Windows\System32\PSAPI.DLL
0x00007ffd57ef0000 - 0x00007ffd57ef9000 	C:\Windows\SYSTEM32\WSOCK32.dll
0x00007ffd5f9a0000 - 0x00007ffd5f9d4000 	C:\Windows\SYSTEM32\WINMM.dll
0x00007ffd6a0d0000 - 0x00007ffd6a0da000 	C:\Windows\SYSTEM32\VERSION.dll
0x00007ffd76c20000 - 0x00007ffd76c91000 	C:\Windows\System32\WS2_32.dll
0x00007ffd73820000 - 0x00007ffd73838000 	C:\Windows\SYSTEM32\kernel.appcore.dll
0x00007ffd641c0000 - 0x00007ffd641d0000 	E:\2023.2.0b4\Editor\Data\PlaybackEngines\AndroidPlayer\OpenJDK\bin\verify.dll
0x00007ffd71b10000 - 0x00007ffd71d3e000 	C:\Windows\SYSTEM32\DBGHELP.DLL
0x00007ffd76f80000 - 0x00007ffd7730a000 	C:\Windows\System32\combase.dll
0x00007ffd759f0000 - 0x00007ffd75ac7000 	C:\Windows\System32\OLEAUT32.dll
0x00007ffd64ed0000 - 0x00007ffd64f02000 	C:\Windows\SYSTEM32\dbgcore.DLL
0x00007ffd74cd0000 - 0x00007ffd74d4a000 	C:\Windows\System32\bcryptPrimitives.dll
0x00007ffd5b510000 - 0x00007ffd5b538000 	E:\2023.2.0b4\Editor\Data\PlaybackEngines\AndroidPlayer\OpenJDK\bin\java.dll
0x00007ffd61ef0000 - 0x00007ffd61efa000 	E:\2023.2.0b4\Editor\Data\PlaybackEngines\AndroidPlayer\OpenJDK\bin\jimage.dll
0x00007ffd61a30000 - 0x00007ffd61a48000 	E:\2023.2.0b4\Editor\Data\PlaybackEngines\AndroidPlayer\OpenJDK\bin\zip.dll

dbghelp: loaded successfully - version: 4.0.5 - missing functions: none
symbol engine: initialized successfully - sym options: 0x614 - pdb path: .;E:\2023.2.0b4\Editor\Data\PlaybackEngines\AndroidPlayer\OpenJDK\bin;C:\Windows\SYSTEM32;C:\Windows\WinSxS\amd64_microsoft.windows.common-controls_6595b64144ccf1df_6.0.22621.2361_none_2712ced57382f843;E:\2023.2.0b4\Editor\Data\PlaybackEngines\AndroidPlayer\OpenJDK\bin\server

VM Arguments:
java_command: <unknown>
java_class_path (initial): <not set>
Launcher Type: SUN_STANDARD

[Global flags]
     intx CICompilerCount                          = 4                                         {product} {ergonomic}
     uint ConcGCThreads                            = 2                                         {product} {ergonomic}
     uint G1ConcRefinementThreads                  = 8                                         {product} {ergonomic}
   size_t G1HeapRegionSize                         = 1048576                                   {product} {ergonomic}
    uintx GCDrainStackTargetSize                   = 64                                        {product} {ergonomic}
   size_t InitialHeapSize                          = 266338304                                 {product} {ergonomic}
   size_t MarkStackSize                            = 4194304                                   {product} {ergonomic}
   size_t MaxHeapSize                              = 4240441344                                {product} {ergonomic}
   size_t MinHeapDeltaBytes                        = 1048576                                   {product} {ergonomic}
    uintx NonNMethodCodeHeapSize                   = 5836300                                {pd product} {ergonomic}
    uintx NonProfiledCodeHeapSize                  = 122910970                              {pd product} {ergonomic}
    uintx ProfiledCodeHeapSize                     = 122910970                              {pd product} {ergonomic}
    uintx ReservedCodeCacheSize                    = 251658240                              {pd product} {ergonomic}
     bool SegmentedCodeCache                       = true                                      {product} {ergonomic}
     bool UseCompressedClassPointers               = true                                 {lp64_product} {ergonomic}
     bool UseCompressedOops                        = true                                 {lp64_product} {ergonomic}
     bool UseG1GC                                  = true                                      {product} {ergonomic}
     bool UseLargePagesIndividualAllocation        = false                                  {pd product} {ergonomic}

Logging:
Log output configuration:
 #0: stdout all=warning uptime,level,tags
 #1: stderr all=off uptime,level,tags

Environment Variables:
JAVA_HOME=E:\2023.2.0b4\Editor\Data\PlaybackEngines\AndroidPlayer\OpenJDK
PATH=E:\Oculus\Support\oculus-runtime;C:\Program Files (x86)\Common Files\Oracle\Java\javapath;C:\Windows\system32;C:\Windows;C:\Windows\System32\Wbem;C:\Windows\System32\WindowsPowerShell\v1.0\;C:\Windows\System32\OpenSSH\;C:\Program Files\Git\cmd;C:\Program Files\dotnet\;C:\Users\escap\AppData\Local\Microsoft\WindowsApps;C:\Android\platform-tools;
USERNAME=escap
OS=Windows_NT
PROCESSOR_IDENTIFIER=Intel64 Family 6 Model 165 Stepping 2, GenuineIntel



---------------  S Y S T E M  ---------------

OS: Windows 11 , 64 bit Build 22621 (10.0.22621.2428)
OS uptime: 0 days 17:33 hours

CPU:total 8 (initial active 8) (4 cores per cpu, 2 threads per core) family 6 model 165 stepping 2 microcode 0xe0, cmov, cx8, fxsr, mmx, sse, sse2, sse3, ssse3, sse4.1, sse4.2, popcnt, avx, avx2, aes, clmul, erms, 3dnowpref, lzcnt, ht, tsc, tscinvbit, bmi1, bmi2, adx, fma

Memory: 4k page, system-wide physical 16171M (864M free)
TotalPageFile size 25579M (AvailPageFile size 140M)
current process WorkingSet (physical memory assigned to process): 11M, peak: 11M
current process commit charge ("private bytes"): 61M, peak: 315M

vm_info: OpenJDK 64-Bit Server VM (11.0.14.1+1) for windows-amd64 JRE (11.0.14.1+1), built on Feb  9 2022 01:48:27 by "" with unknown MS VC++:1916

END.
